[debug] ----------------------------------------------------------------------
[debug] Command:      /usr/local/Cellar/node/6.2.2/bin/node /Users/salnikov/.npm-packages/bin/firebase deploy
[debug] CLI Version:  3.0.8
[debug] Platform:     darwin
[debug] Node Version: v6.2.2
[debug] Time:         Tue Dec 27 2016 12:33:41 GMT+0700 (ICT)
[debug] ----------------------------------------------------------------------
[debug] 
[debug] > command requires scopes: ["email","openid","https://www.googleapis.com/auth/cloudplatformprojects.readonly","https://www.googleapis.com/auth/firebase"]
[debug] > refreshing access token with scopes: ["email","https://www.googleapis.com/auth/cloudplatformprojects.readonly","https://www.googleapis.com/auth/firebase","openid"]
[debug] >>> HTTP REQUEST POST https://www.googleapis.com/oauth2/v3/token
[debug] <<< HTTP RESPONSE 200
[debug] >>> HTTP REQUEST GET https://admin.firebase.com/v1/projects/ngvikings-81b48 
[debug] <<< HTTP RESPONSE 200
[debug] >>> HTTP REQUEST GET https://admin.firebase.com/v1/database/ngvikings-81b48/tokens 
[debug] <<< HTTP RESPONSE 200
[info] 
[info] === Deploying to 'ngvikings-81b48'...
[info] 
[info] i  deploying database, hosting
[info] ✔  database: rules ready to deploy.
[info] i  hosting: preparing build/bundled directory for upload...
[debug] >>> HTTP REQUEST PUT https://deploy.firebase.com/v1/hosting/ngvikings-81b48/uploads/-KZylK2apSz4DsgXztFI?fileCount=312&message= 
[debug] ----------------------------------------------------------------------
[debug] Command:      /usr/local/Cellar/node/6.2.2/bin/node /Users/salnikov/.npm-packages/bin/firebase deploy
[debug] CLI Version:  3.0.8
[debug] Platform:     darwin
[debug] Node Version: v6.2.2
[debug] Time:         Tue Dec 27 2016 12:35:37 GMT+0700 (ICT)
[debug] ----------------------------------------------------------------------
[debug] 
[debug] > command requires scopes: ["email","openid","https://www.googleapis.com/auth/cloudplatformprojects.readonly","https://www.googleapis.com/auth/firebase"]
[debug] >>> HTTP REQUEST GET https://admin.firebase.com/v1/projects/ngvikings-81b48 
[debug] <<< HTTP RESPONSE 200
[debug] >>> HTTP REQUEST GET https://admin.firebase.com/v1/database/ngvikings-81b48/tokens 
[debug] <<< HTTP RESPONSE 200
[info] 
[info] === Deploying to 'ngvikings-81b48'...
[info] 
[info] i  deploying database, hosting
[info] ✔  database: rules ready to deploy.
[info] i  hosting: preparing build/bundled directory for upload...
[debug] >>> HTTP REQUEST PUT https://deploy.firebase.com/v1/hosting/ngvikings-81b48/uploads/-KZyljDCAqRvjbwXy-Pt?fileCount=312&message= 
